2025-08-29 10:58:13,849 - INFO - Starting Hong Kong IPO calendar generation...
2025-08-29 10:58:13,853 - INFO - Fetching Hong Kong IPO data...
2025-08-29 10:58:14,351 - INFO - Found 100 IPO entries
2025-08-29 10:58:14,352 - INFO - Generating calendar events...
2025-08-29 10:58:14,352 - INFO - Created 0 calendar events
2025-08-29 10:58:14,353 - INFO - Calendar saved to hkipo.ics
2025-08-29 10:58:14,353 - INFO - Hong Kong IPO calendar generated successfully!
2025-08-29 11:00:47,454 - INFO - Starting Hong Kong IPO calendar generation...
2025-08-29 11:00:47,461 - INFO - Fetching Hong Kong IPO data...
2025-08-29 11:00:47,943 - INFO - Found 100 IPO entries
2025-08-29 11:00:47,943 - INFO - Generating calendar events...
2025-08-29 11:00:47,943 - INFO - Created 0 calendar events
2025-08-29 11:00:47,945 - INFO - Calendar saved to hkipo.ics
2025-08-29 11:00:47,945 - INFO - Hong Kong IPO calendar generated successfully!
2025-08-29 11:03:03,599 - INFO - Starting Hong Kong IPO calendar generation...
2025-08-29 11:03:03,608 - INFO - Fetching Hong Kong IPO data...
2025-08-29 11:03:04,128 - INFO - Found 100 IPO entries
2025-08-29 11:03:04,128 - INFO - Generating calendar events...
2025-08-29 11:03:04,176 - INFO - Created 100 calendar events
2025-08-29 11:03:04,216 - INFO - Calendar saved to hkipo.ics
2025-08-29 11:03:04,218 - INFO - Hong Kong IPO calendar generated successfully!
2025-08-29 11:03:17,345 - INFO - Starting Hong Kong IPO calendar generation...
2025-08-29 11:03:17,352 - INFO - Fetching Hong Kong IPO data...
2025-08-29 11:03:17,754 - INFO - Found 100 total IPO entries
2025-08-29 11:03:17,757 - INFO - Filtered to 1 relevant IPO entries
2025-08-29 11:03:17,758 - INFO - Generating calendar events...
2025-08-29 11:03:17,762 - INFO - Created 1 calendar events
2025-08-29 11:03:17,765 - INFO - Calendar saved to hkipo.ics
2025-08-29 11:03:17,768 - INFO - Hong Kong IPO calendar generated successfully!
2025-08-29 11:07:06,385 - INFO - Starting Hong Kong IPO calendar generation...
2025-08-29 11:07:06,392 - INFO - Fetching Hong Kong IPO data...
2025-08-29 11:07:06,393 - INFO - Making request to: https://www.jisilu.cn/data/new_stock/hkipo/?___jsl=LST___t=1756436826393
2025-08-29 11:07:06,779 - INFO - Response status: 200, Content length: 94245
2025-08-29 11:07:06,823 - INFO - Response saved to hkipo_response.json
2025-08-29 11:07:06,830 - INFO - Found 100 total IPO entries
2025-08-29 11:07:06,845 - INFO - Filtered to 1 relevant IPO entries
2025-08-29 11:07:06,845 - INFO - Generating calendar events...
2025-08-29 11:07:06,861 - INFO - Created 1 calendar events (including consolidated events)
2025-08-29 11:07:06,872 - INFO - Calendar saved to hkipo.ics
2025-08-29 11:07:06,881 - INFO - Hong Kong IPO calendar generated successfully!
2025-08-29 11:07:32,638 - INFO - Starting Hong Kong IPO calendar generation...
2025-08-29 11:07:32,646 - INFO - Fetching Hong Kong IPO data...
2025-08-29 11:07:32,646 - INFO - Making request to: https://www.jisilu.cn/data/new_stock/hkipo/?___jsl=LST___t=1756436852646
2025-08-29 11:07:33,027 - INFO - Response status: 200, Content length: 94245
2025-08-29 11:07:33,057 - INFO - Response saved to hkipo_response.json
2025-08-29 11:07:33,100 - INFO - Found 100 total IPO entries
2025-08-29 11:07:33,113 - INFO - Filtered to 1 relevant IPO entries
2025-08-29 11:07:33,124 - INFO - Generating calendar events...
2025-08-29 11:07:33,177 - INFO - Created 1 calendar events (including consolidated events)
2025-08-29 11:07:33,186 - INFO - Calendar saved to hkipo.ics
2025-08-29 11:07:33,194 - INFO - Hong Kong IPO calendar generated successfully!
2025-08-29 11:07:42,495 - INFO - Starting Hong Kong IPO calendar generation...
2025-08-29 11:07:42,499 - INFO - Fetching Hong Kong IPO data...
2025-08-29 11:07:42,499 - INFO - Making request to: https://www.jisilu.cn/data/new_stock/hkipo/?___jsl=LST___t=1756436862499
2025-08-29 11:07:42,847 - INFO - Response status: 200, Content length: 94245
2025-08-29 11:07:42,866 - INFO - Response saved to hkipo_response.json
2025-08-29 11:07:42,866 - INFO - Found 100 total IPO entries
2025-08-29 11:07:42,870 - INFO - Filtered to 1 relevant IPO entries
2025-08-29 11:07:42,871 - INFO - Generating calendar events...
2025-08-29 11:07:42,876 - INFO - Created 1 calendar events (including consolidated events)
2025-08-29 11:07:42,880 - INFO - Calendar saved to hkipo.ics
2025-08-29 11:07:42,881 - INFO - Hong Kong IPO calendar generated successfully!
2025-08-29 11:16:59,731 - INFO - Starting Hong Kong IPO calendar generation...
2025-08-29 11:16:59,743 - INFO - Fetching Hong Kong IPO data...
2025-08-29 11:16:59,744 - INFO - Making request to: https://www.jisilu.cn/data/new_stock/hkipo/?___jsl=LST___t=1756437419744
2025-08-29 11:17:01,165 - INFO - Response status: 200, Content length: 94245
2025-08-29 11:17:01,196 - INFO - Response saved to hkipo_response.json
2025-08-29 11:17:01,198 - INFO - Found 100 total IPO entries
2025-08-29 11:17:01,201 - INFO - Filtered to 1 relevant IPO entries
2025-08-29 11:17:01,206 - INFO - Generating calendar events...
2025-08-29 11:17:01,214 - INFO - Created 1 calendar events (including consolidated events)
2025-08-29 11:17:01,220 - INFO - Calendar saved to hkipo.ics
2025-08-29 11:17:01,222 - INFO - Hong Kong IPO calendar generated successfully!
2025-08-29 11:18:44,655 - INFO - Starting Hong Kong IPO calendar generation...
2025-08-29 11:18:44,658 - INFO - Fetching Hong Kong IPO data...
2025-08-29 11:18:44,659 - INFO - Making request to: https://www.jisilu.cn/data/new_stock/hkipo/?___jsl=LST___t=1756437524659
2025-08-29 11:18:44,996 - INFO - Response status: 200, Content length: 94245
2025-08-29 11:18:45,009 - INFO - Response saved to hkipo_response.json
2025-08-29 11:18:45,009 - INFO - Found 100 total IPO entries
2025-08-29 11:18:45,013 - INFO - Filtered to 1 relevant IPO entries
2025-08-29 11:18:45,014 - INFO - Generating calendar events...
2025-08-29 11:18:45,016 - INFO - Created 1 calendar events (including consolidated events)
2025-08-29 11:18:45,017 - INFO - Event summary saved to hkipo_summary.txt
2025-08-29 11:18:45,021 - INFO - Calendar saved to hkipo.ics
2025-08-29 11:18:45,021 - INFO - Hong Kong IPO calendar generated successfully!
